<?xml version="1.0" encoding="UTF-8"?>
<testsuite xmlns:xsi="http://www.w3.org/2001/XMLSchema-instance" xsi:noNamespaceSchemaLocation="https://maven.apache.org/surefire/maven-surefire-plugin/xsd/surefire-test-report-3.0.xsd" version="3.0" name="com.procurement.procurement.ProcurementApplicationTests" time="20.424" tests="1" errors="0" skipped="0" failures="0">
  <properties>
[...]
</properties>
  <testcase name="contextLoads" classname="com.procurement.procurement.ProcurementApplicationTests" time="1.014">
    <system-out><![CDATA[Standard Commons Logging discovery in action with spring-jcl: please remove commons-logging.jar from classpath in order to avoid potential conflicts
17:18:39.261 [main] INFO org.springframework.test.context.support.AnnotationConfigContextLoaderUtils -- Could not detect default configuration classes for test class [com.procurement.procurement.ProcurementApplicationTests]: ProcurementApplicationTests does not declare any static, non-private, non-final, nested classes annotated with @Configuration.
17:18:39.613 [main] INFO org.springframework.boot.test.context.SpringBootTestContextBootstrapper -- Found @SpringBootConfiguration com.procurement.procurement.ProcurementApplication for test class com.procurement.procurement.ProcurementApplicationTests
17:18:39.961 [main] INFO org.springframework.boot.devtools.restart.RestartApplicationListener -- Restart disabled due to context in which it is running

  .   ____          _            __ _ _
 /\\ / ___'_ __ _ _(_)_ __  __ _ \ \ \ \
( ( )\___ | '_ | '_| | '_ \/ _` | \ \ \ \
 \\/  ___)| |_)| | | | | || (_| |  ) ) ) )
  '  |____| .__|_| |_|_| |_\__, | / / / /
 =========|_|==============|___/=/_/_/_/
 :: Spring Boot ::                (v3.2.5)

2026-02-22T17:18:40.532+05:30  INFO 36084 --- [procurement] [           main] c.p.p.ProcurementApplicationTests        : Starting ProcurementApplicationTests using Java 21.0.8 with PID 36084 (started by hk105 in C:\Users\hk105\Downloads\smart_procurement_vendor_management_system_new-main\smart_procurement_vendor_management_system_new-main)
2026-02-22T17:18:40.538+05:30  INFO 36084 --- [procurement] [           main] c.p.p.ProcurementApplicationTests        : No active profile set, falling back to 1 default profile: "default"
2026-02-22T17:18:43.035+05:30  INFO 36084 --- [procurement] [           main] .s.d.r.c.RepositoryConfigurationDelegate : Bootstrapping Spring Data JPA repositories in DEFAULT mode.
2026-02-22T17:18:43.250+05:30  INFO 36084 --- [procurement] [           main] .s.d.r.c.RepositoryConfigurationDelegate : Finished Spring Data repository scanning in 200 ms. Found 8 JPA repository interfaces.
2026-02-22T17:18:45.873+05:30  INFO 36084 --- [procurement] [           main] o.hibernate.jpa.internal.util.LogHelper  : HHH000204: Processing PersistenceUnitInfo [name: default]
2026-02-22T17:18:46.073+05:30  INFO 36084 --- [procurement] [           main] org.hibernate.Version                    : HHH000412: Hibernate ORM core version 6.4.4.Final
2026-02-22T17:18:46.130+05:30  INFO 36084 --- [procurement] [           main] o.h.c.internal.RegionFactoryInitiator    : HHH000026: Second-level cache disabled
2026-02-22T17:18:46.769+05:30  INFO 36084 --- [procurement] [           main] o.s.o.j.p.SpringPersistenceUnitInfo      : No LoadTimeWeaver setup: ignoring JPA class transformer
2026-02-22T17:18:46.805+05:30  INFO 36084 --- [procurement] [           main] com.zaxxer.hikari.HikariDataSource       : HikariPool-1 - Starting...
2026-02-22T17:18:47.218+05:30  INFO 36084 --- [procurement] [           main] com.zaxxer.hikari.pool.HikariPool        : HikariPool-1 - Added connection com.mysql.cj.jdbc.ConnectionImpl@1ddf42dd
2026-02-22T17:18:47.221+05:30  INFO 36084 --- [procurement] [           main] com.zaxxer.hikari.HikariDataSource       : HikariPool-1 - Start completed.
2026-02-22T17:18:47.285+05:30  WARN 36084 --- [procurement] [           main] org.hibernate.orm.deprecation            : HHH90000025: MySQL8Dialect does not need to be specified explicitly using 'hibernate.dialect' (remove the property setting and it will be selected by default)
2026-02-22T17:18:47.288+05:30  WARN 36084 --- [procurement] [           main] org.hibernate.orm.deprecation            : HHH90000026: MySQL8Dialect has been deprecated; use org.hibernate.dialect.MySQLDialect instead
2026-02-22T17:18:49.261+05:30  INFO 36084 --- [procurement] [           main] o.h.e.t.j.p.i.JtaPlatformInitiator       : HHH000489: No JTA platform available (set 'hibernate.transaction.jta.platform' to enable JTA platform integration)
2026-02-22T17:18:49.273+05:30 DEBUG 36084 --- [procurement] [           main] org.hibernate.SQL                        : 
    alter table approvals 
       drop 
       foreign key FKkh8kt9y5pin7d4qxs8i7pak8d
Hibernate: 
    alter table approvals 
       drop 
       foreign key FKkh8kt9y5pin7d4qxs8i7pak8d
2026-02-22T17:18:49.379+05:30 DEBUG 36084 --- [procurement] [           main] org.hibernate.SQL                        : 
    alter table approvals 
       drop 
       foreign key FK94wyqrdp4gn4vg513g2x96dtm
Hibernate: 
    alter table approvals 
       drop 
       foreign key FK94wyqrdp4gn4vg513g2x96dtm
2026-02-22T17:18:49.403+05:30 DEBUG 36084 --- [procurement] [           main] org.hibernate.SQL                        : 
    alter table approvals 
       drop 
       foreign key FKtf68te8lh9gge2sm1egk8mto0
Hibernate: 
    alter table approvals 
       drop 
       foreign key FKtf68te8lh9gge2sm1egk8mto0
2026-02-22T17:18:49.421+05:30 DEBUG 36084 --- [procurement] [           main] org.hibernate.SQL                        : 
    alter table purchase_order_items 
       drop 
       foreign key FKo3yj8ocbw2kav38548t22hgh8
Hibernate: 
    alter table purchase_order_items 
       drop 
       foreign key FKo3yj8ocbw2kav38548t22hgh8
2026-02-22T17:18:49.434+05:30 DEBUG 36084 --- [procurement] [           main] org.hibernate.SQL                        : 
    alter table purchase_orders 
       drop 
       foreign key FKn3rssy7613r6x49ax30e2nbay
Hibernate: 
    alter table purchase_orders 
       drop 
       foreign key FKn3rssy7613r6x49ax30e2nbay
2026-02-22T17:18:49.453+05:30 DEBUG 36084 --- [procurement] [           main] org.hibernate.SQL                        : 
    alter table requisition_items 
       drop 
       foreign key FKqqpkdlg5r4elr4pb5c630tboh
Hibernate: 
    alter table requisition_items 
       drop 
       foreign key FKqqpkdlg5r4elr4pb5c630tboh
2026-02-22T17:18:49.474+05:30 DEBUG 36084 --- [procurement] [           main] org.hibernate.SQL                        : 
    alter table requisitions 
       drop 
       foreign key FKd9edky901hjyvak0gdcquiigb
Hibernate: 
    alter table requisitions 
       drop 
       foreign key FKd9edky901hjyvak0gdcquiigb
2026-02-22T17:18:49.498+05:30 DEBUG 36084 --- [procurement] [           main] org.hibernate.SQL                        : 
    alter table role_permissions 
       drop 
       foreign key FKegdk29eiy7mdtefy5c7eirr6e
Hibernate: 
    alter table role_permissions 
       drop 
       foreign key FKegdk29eiy7mdtefy5c7eirr6e
2026-02-22T17:18:49.512+05:30 DEBUG 36084 --- [procurement] [           main] org.hibernate.SQL                        : 
    alter table role_permissions 
       drop 
       foreign key FKn5fotdgk8d1xvo8nav9uv3muc
Hibernate: 
    alter table role_permissions 
       drop 
       foreign key FKn5fotdgk8d1xvo8nav9uv3muc
2026-02-22T17:18:49.529+05:30 DEBUG 36084 --- [procurement] [           main] org.hibernate.SQL                        : 
    alter table user_roles 
       drop 
       foreign key FKh8ciramu9cc9q3qcqiv4ue8a6
Hibernate: 
    alter table user_roles 
       drop 
       foreign key FKh8ciramu9cc9q3qcqiv4ue8a6
2026-02-22T17:18:49.538+05:30 DEBUG 36084 --- [procurement] [           main] org.hibernate.SQL                        : 
    alter table user_roles 
       drop 
       foreign key FKhfh9dx7w3ubf1co1vdev94g3f
Hibernate: 
    alter table user_roles 
       drop 
       foreign key FKhfh9dx7w3ubf1co1vdev94g3f
2026-02-22T17:18:49.548+05:30 DEBUG 36084 --- [procurement] [           main] org.hibernate.SQL                        : 
    alter table vendor_documents 
       drop 
       foreign key FKhjvyn99g3h3tuvfyh96d3erxx
Hibernate: 
    alter table vendor_documents 
       drop 
       foreign key FKhjvyn99g3h3tuvfyh96d3erxx
2026-02-22T17:18:49.572+05:30 DEBUG 36084 --- [procurement] [           main] org.hibernate.SQL                        : 
    alter table vendor_ratings 
       drop 
       foreign key FKmmiaydxr50h9o1kngp44da6h2
Hibernate: 
    alter table vendor_ratings 
       drop 
       foreign key FKmmiaydxr50h9o1kngp44da6h2
2026-02-22T17:18:49.580+05:30 DEBUG 36084 --- [procurement] [           main] org.hibernate.SQL                        : 
    drop table if exists approvals
Hibernate: 
    drop table if exists approvals
2026-02-22T17:18:49.606+05:30 DEBUG 36084 --- [procurement] [           main] org.hibernate.SQL                        : 
    drop table if exists audit_logs
Hibernate: 
    drop table if exists audit_logs
2026-02-22T17:18:49.622+05:30 DEBUG 36084 --- [procurement] [           main] org.hibernate.SQL                        : 
    drop table if exists permissions
Hibernate: 
    drop table if exists permissions
2026-02-22T17:18:49.638+05:30 DEBUG 36084 --- [procurement] [           main] org.hibernate.SQL                        : 
    drop table if exists purchase_order_items
Hibernate: 
    drop table if exists purchase_order_items
2026-02-22T17:18:49.654+05:30 DEBUG 36084 --- [procurement] [           main] org.hibernate.SQL                        : 
    drop table if exists purchase_orders
Hibernate: 
    drop table if exists purchase_orders
2026-02-22T17:18:49.674+05:30 DEBUG 36084 --- [procurement] [           main] org.hibernate.SQL                        : 
    drop table if exists requisition_items
Hibernate: 
    drop table if exists requisition_items
2026-02-22T17:18:49.705+05:30 DEBUG 36084 --- [procurement] [           main] org.hibernate.SQL                        : 
    drop table if exists requisitions
Hibernate: 
    drop table if exists requisitions
2026-02-22T17:18:49.747+05:30 DEBUG 36084 --- [procurement] [           main] org.hibernate.SQL                        : 
    drop table if exists role_permissions
Hibernate: 
    drop table if exists role_permissions
2026-02-22T17:18:49.763+05:30 DEBUG 36084 --- [procurement] [           main] org.hibernate.SQL                        : 
    drop table if exists roles
Hibernate: 
    drop table if exists roles
2026-02-22T17:18:49.779+05:30 DEBUG 36084 --- [procurement] [           main] org.hibernate.SQL                        : 
    drop table if exists user_roles
Hibernate: 
    drop table if exists user_roles
2026-02-22T17:18:49.798+05:30 DEBUG 36084 --- [procurement] [           main] org.hibernate.SQL                        : 
    drop table if exists users
Hibernate: 
    drop table if exists users
2026-02-22T17:18:49.813+05:30 DEBUG 36084 --- [procurement] [           main] org.hibernate.SQL                        : 
    drop table if exists vendor_documents
Hibernate: 
    drop table if exists vendor_documents
2026-02-22T17:18:49.830+05:30 DEBUG 36084 --- [procurement] [           main] org.hibernate.SQL                        : 
    drop table if exists vendor_ratings
Hibernate: 
    drop table if exists vendor_ratings
2026-02-22T17:18:49.850+05:30 DEBUG 36084 --- [procurement] [           main] org.hibernate.SQL                        : 
    drop table if exists vendors
Hibernate: 
    drop table if exists vendors
2026-02-22T17:18:49.871+05:30 DEBUG 36084 --- [procurement] [           main] org.hibernate.SQL                        : 
    create table approvals (
        approved_at datetime(6),
        approver_id bigint,
        id bigint not null auto_increment,
        purchase_order_id bigint,
        requisition_id bigint,
        comments varchar(255),
        status varchar(255),
        primary key (id)
    ) engine=InnoDB
Hibernate: 
    create table approvals (
        approved_at datetime(6),
        approver_id bigint,
        id bigint not null auto_increment,
        purchase_order_id bigint,
        requisition_id bigint,
        comments varchar(255),
        status varchar(255),
        primary key (id)
    ) engine=InnoDB
2026-02-22T17:18:49.892+05:30 DEBUG 36084 --- [procurement] [           main] org.hibernate.SQL                        : 
    create table audit_logs (
        entity_id bigint,
        id bigint not null auto_increment,
        timestamp datetime(6),
        details varchar(1000),
        action varchar(255),
        entity_name varchar(255),
        performed_by varchar(255),
        primary key (id)
    ) engine=InnoDB
Hibernate: 
    create table audit_logs (
        entity_id bigint,
        id bigint not null auto_increment,
        timestamp datetime(6),
        details varchar(1000),
        action varchar(255),
        entity_name varchar(255),
        performed_by varchar(255),
        primary key (id)
    ) engine=InnoDB
2026-02-22T17:18:49.921+05:30 DEBUG 36084 --- [procurement] [           main] org.hibernate.SQL                        : 
    create table permissions (
        id bigint not null auto_increment,
        description varchar(255),
        name varchar(255),
        primary key (id)
    ) engine=InnoDB
Hibernate: 
    create table permissions (
        id bigint not null auto_increment,
        description varchar(255),
        name varchar(255),
        primary key (id)
    ) engine=InnoDB
2026-02-22T17:18:49.944+05:30 DEBUG 36084 --- [procurement] [           main] org.hibernate.SQL                        : 
    create table purchase_order_items (
        quantity integer,
        unit_price float(53),
        id bigint not null auto_increment,
        purchase_order_id bigint,
        item_name varchar(255),
        primary key (id)
    ) engine=InnoDB
Hibernate: 
    create table purchase_order_items (
        quantity integer,
        unit_price float(53),
        id bigint not null auto_increment,
        purchase_order_id bigint,
        item_name varchar(255),
        primary key (id)
    ) engine=InnoDB
2026-02-22T17:18:49.969+05:30 DEBUG 36084 --- [procurement] [           main] org.hibernate.SQL                        : 
    create table purchase_orders (
        created_at datetime(6),
        id bigint not null auto_increment,
        updated_at datetime(6),
        vendor_id bigint,
        po_number varchar(255),
        status varchar(255),
        primary key (id)
    ) engine=InnoDB
Hibernate: 
    create table purchase_orders (
        created_at datetime(6),
        id bigint not null auto_increment,
        updated_at datetime(6),
        vendor_id bigint,
        po_number varchar(255),
        status varchar(255),
        primary key (id)
    ) engine=InnoDB
2026-02-22T17:18:49.996+05:30 DEBUG 36084 --- [procurement] [           main] org.hibernate.SQL                        : 
    create table requisition_items (
        quantity integer not null,
        unit_price float(53) not null,
        id bigint not null auto_increment,
        requisition_id bigint not null,
        description varchar(255),
        item_name varchar(255),
        primary key (id)
    ) engine=InnoDB
Hibernate: 
    create table requisition_items (
        quantity integer not null,
        unit_price float(53) not null,
        id bigint not null auto_increment,
        requisition_id bigint not null,
        description varchar(255),
        item_name varchar(255),
        primary key (id)
    ) engine=InnoDB
2026-02-22T17:18:50.017+05:30 DEBUG 36084 --- [procurement] [           main] org.hibernate.SQL                        : 
    create table requisitions (
        created_at datetime(6),
        id bigint not null auto_increment,
        requested_by bigint,
        updated_at datetime(6),
        requisition_number varchar(255),
        status varchar(255),
        primary key (id)
    ) engine=InnoDB
Hibernate: 
    create table requisitions (
        created_at datetime(6),
        id bigint not null auto_increment,
        requested_by bigint,
        updated_at datetime(6),
        requisition_number varchar(255),
        status varchar(255),
        primary key (id)
    ) engine=InnoDB
2026-02-22T17:18:50.049+05:30 DEBUG 36084 --- [procurement] [           main] org.hibernate.SQL                        : 
    create table role_permissions (
        permission_id bigint not null,
        role_id bigint not null,
        primary key (permission_id, role_id)
    ) engine=InnoDB
Hibernate: 
    create table role_permissions (
        permission_id bigint not null,
        role_id bigint not null,
        primary key (permission_id, role_id)
    ) engine=InnoDB
2026-02-22T17:18:50.074+05:30 DEBUG 36084 --- [procurement] [           main] org.hibernate.SQL                        : 
    create table roles (
        id bigint not null auto_increment,
        name varchar(50) not null,
        description varchar(255),
        primary key (id)
    ) engine=InnoDB
Hibernate: 
    create table roles (
        id bigint not null auto_increment,
        name varchar(50) not null,
        description varchar(255),
        primary key (id)
    ) engine=InnoDB
2026-02-22T17:18:50.101+05:30 DEBUG 36084 --- [procurement] [           main] org.hibernate.SQL                        : 
    create table user_roles (
        role_id bigint not null,
        user_id bigint not null,
        primary key (role_id, user_id)
    ) engine=InnoDB
Hibernate: 
    create table user_roles (
        role_id bigint not null,
        user_id bigint not null,
        primary key (role_id, user_id)
    ) engine=InnoDB
2026-02-22T17:18:50.128+05:30 DEBUG 36084 --- [procurement] [           main] org.hibernate.SQL                        : 
    create table users (
        account_non_expired bit not null,
        account_non_locked bit not null,
        active bit not null,
        credentials_non_expired bit not null,
        enabled bit not null,
        id bigint not null auto_increment,
        username varchar(50) not null,
        email varchar(100) not null,
        full_name varchar(100),
        password varchar(255) not null,
        primary key (id)
    ) engine=InnoDB
Hibernate: 
    create table users (
        account_non_expired bit not null,
        account_non_locked bit not null,
        active bit not null,
        credentials_non_expired bit not null,
        enabled bit not null,
        id bigint not null auto_increment,
        username varchar(50) not null,
        email varchar(100) not null,
        full_name varchar(100),
        password varchar(255) not null,
        primary key (id)
    ) engine=InnoDB
2026-02-22T17:18:50.153+05:30 DEBUG 36084 --- [procurement] [           main] org.hibernate.SQL                        : 
    create table vendor_documents (
        verified bit not null,
        id bigint not null auto_increment,
        vendor_id bigint,
        document_name varchar(255),
        document_type varchar(255),
        document_url varchar(255),
        primary key (id)
    ) engine=InnoDB
Hibernate: 
    create table vendor_documents (
        verified bit not null,
        id bigint not null auto_increment,
        vendor_id bigint,
        document_name varchar(255),
        document_type varchar(255),
        document_url varchar(255),
        primary key (id)
    ) engine=InnoDB
2026-02-22T17:18:50.176+05:30 DEBUG 36084 --- [procurement] [           main] org.hibernate.SQL                        : 
    create table vendor_ratings (
        rating integer,
        id bigint not null auto_increment,
        vendor_id bigint,
        feedback varchar(255),
        primary key (id)
    ) engine=InnoDB
Hibernate: 
    create table vendor_ratings (
        rating integer,
        id bigint not null auto_increment,
        vendor_id bigint,
        feedback varchar(255),
        primary key (id)
    ) engine=InnoDB
2026-02-22T17:18:50.196+05:30 DEBUG 36084 --- [procurement] [           main] org.hibernate.SQL                        : 
    create table vendors (
        id bigint not null auto_increment,
        address varchar(255),
        contact_number varchar(255),
        email varchar(255),
        name varchar(255),
        status varchar(255),
        primary key (id)
    ) engine=InnoDB
Hibernate: 
    create table vendors (
        id bigint not null auto_increment,
        address varchar(255),
        contact_number varchar(255),
        email varchar(255),
        name varchar(255),
        status varchar(255),
        primary key (id)
    ) engine=InnoDB
2026-02-22T17:18:50.228+05:30 DEBUG 36084 --- [procurement] [           main] org.hibernate.SQL                        : 
    alter table roles 
       add constraint UKofx66keruapi6vyqpv6f2or37 unique (name)
Hibernate: 
    alter table roles 
       add constraint UKofx66keruapi6vyqpv6f2or37 unique (name)
2026-02-22T17:18:50.249+05:30 DEBUG 36084 --- [procurement] [           main] org.hibernate.SQL                        : 
    alter table users 
       add constraint UKr43af9ap4edm43mmtq01oddj6 unique (username)
Hibernate: 
    alter table users 
       add constraint UKr43af9ap4edm43mmtq01oddj6 unique (username)
2026-02-22T17:18:50.269+05:30 DEBUG 36084 --- [procurement] [           main] org.hibernate.SQL                        : 
    alter table users 
       add constraint UK6dotkott2kjsp8vw4d0m25fb7 unique (email)
Hibernate: 
    alter table users 
       add constraint UK6dotkott2kjsp8vw4d0m25fb7 unique (email)
2026-02-22T17:18:50.290+05:30 DEBUG 36084 --- [procurement] [           main] org.hibernate.SQL                        : 
    alter table approvals 
       add constraint FKkh8kt9y5pin7d4qxs8i7pak8d 
       foreign key (approver_id) 
       references users (id)
Hibernate: 
    alter table approvals 
       add constraint FKkh8kt9y5pin7d4qxs8i7pak8d 
       foreign key (approver_id) 
       references users (id)
2026-02-22T17:18:50.373+05:30 DEBUG 36084 --- [procurement] [           main] org.hibernate.SQL                        : 
    alter table approvals 
       add constraint FK94wyqrdp4gn4vg513g2x96dtm 
       foreign key (purchase_order_id) 
       references purchase_orders (id)
Hibernate: 
    alter table approvals 
       add constraint FK94wyqrdp4gn4vg513g2x96dtm 
       foreign key (purchase_order_id) 
       references purchase_orders (id)
2026-02-22T17:18:50.480+05:30 DEBUG 36084 --- [procurement] [           main] org.hibernate.SQL                        : 
    alter table approvals 
       add constraint FKtf68te8lh9gge2sm1egk8mto0 
       foreign key (requisition_id) 
       references requisitions (id)
Hibernate: 
    alter table approvals 
       add constraint FKtf68te8lh9gge2sm1egk8mto0 
       foreign key (requisition_id) 
       references requisitions (id)
2026-02-22T17:18:50.598+05:30 DEBUG 36084 --- [procurement] [           main] org.hibernate.SQL                        : 
    alter table purchase_order_items 
       add constraint FKo3yj8ocbw2kav38548t22hgh8 
       foreign key (purchase_order_id) 
       references purchase_orders (id)
Hibernate: 
    alter table purchase_order_items 
       add constraint FKo3yj8ocbw2kav38548t22hgh8 
       foreign key (purchase_order_id) 
       references purchase_orders (id)
2026-02-22T17:18:50.715+05:30 DEBUG 36084 --- [procurement] [           main] org.hibernate.SQL                        : 
    alter table purchase_orders 
       add constraint FKn3rssy7613r6x49ax30e2nbay 
       foreign key (vendor_id) 
       references vendors (id)
Hibernate: 
    alter table purchase_orders 
       add constraint FKn3rssy7613r6x49ax30e2nbay 
       foreign key (vendor_id) 
       references vendors (id)
2026-02-22T17:18:50.830+05:30 DEBUG 36084 --- [procurement] [           main] org.hibernate.SQL                        : 
    alter table requisition_items 
       add constraint FKqqpkdlg5r4elr4pb5c630tboh 
       foreign key (requisition_id) 
       references requisitions (id)
Hibernate: 
    alter table requisition_items 
       add constraint FKqqpkdlg5r4elr4pb5c630tboh 
       foreign key (requisition_id) 
       references requisitions (id)
2026-02-22T17:18:50.949+05:30 DEBUG 36084 --- [procurement] [           main] org.hibernate.SQL                        : 
    alter table requisitions 
       add constraint FKd9edky901hjyvak0gdcquiigb 
       foreign key (requested_by) 
       references users (id)
Hibernate: 
    alter table requisitions 
       add constraint FKd9edky901hjyvak0gdcquiigb 
       foreign key (requested_by) 
       references users (id)
2026-02-22T17:18:51.045+05:30 DEBUG 36084 --- [procurement] [           main] org.hibernate.SQL                        : 
    alter table role_permissions 
       add constraint FKegdk29eiy7mdtefy5c7eirr6e 
       foreign key (permission_id) 
       references permissions (id)
Hibernate: 
    alter table role_permissions 
       add constraint FKegdk29eiy7mdtefy5c7eirr6e 
       foreign key (permission_id) 
       references permissions (id)
2026-02-22T17:18:51.132+05:30 DEBUG 36084 --- [procurement] [           main] org.hibernate.SQL                        : 
    alter table role_permissions 
       add constraint FKn5fotdgk8d1xvo8nav9uv3muc 
       foreign key (role_id) 
       references roles (id)
Hibernate: 
    alter table role_permissions 
       add constraint FKn5fotdgk8d1xvo8nav9uv3muc 
       foreign key (role_id) 
       references roles (id)
2026-02-22T17:18:51.224+05:30 DEBUG 36084 --- [procurement] [           main] org.hibernate.SQL                        : 
    alter table user_roles 
       add constraint FKh8ciramu9cc9q3qcqiv4ue8a6 
       foreign key (role_id) 
       references roles (id)
Hibernate: 
    alter table user_roles 
       add constraint FKh8ciramu9cc9q3qcqiv4ue8a6 
       foreign key (role_id) 
       references roles (id)
2026-02-22T17:18:51.305+05:30 DEBUG 36084 --- [procurement] [           main] org.hibernate.SQL                        : 
    alter table user_roles 
       add constraint FKhfh9dx7w3ubf1co1vdev94g3f 
       foreign key (user_id) 
       references users (id)
Hibernate: 
    alter table user_roles 
       add constraint FKhfh9dx7w3ubf1co1vdev94g3f 
       foreign key (user_id) 
       references users (id)
2026-02-22T17:18:51.421+05:30 DEBUG 36084 --- [procurement] [           main] org.hibernate.SQL                        : 
    alter table vendor_documents 
       add constraint FKhjvyn99g3h3tuvfyh96d3erxx 
       foreign key (vendor_id) 
       references vendors (id)
Hibernate: 
    alter table vendor_documents 
       add constraint FKhjvyn99g3h3tuvfyh96d3erxx 
       foreign key (vendor_id) 
       references vendors (id)
2026-02-22T17:18:51.521+05:30 DEBUG 36084 --- [procurement] [           main] org.hibernate.SQL                        : 
    alter table vendor_ratings 
       add constraint FKmmiaydxr50h9o1kngp44da6h2 
       foreign key (vendor_id) 
       references vendors (id)
Hibernate: 
    alter table vendor_ratings 
       add constraint FKmmiaydxr50h9o1kngp44da6h2 
       foreign key (vendor_id) 
       references vendors (id)
2026-02-22T17:18:51.637+05:30  INFO 36084 --- [procurement] [           main] j.LocalContainerEntityManagerFactoryBean : Initialized JPA EntityManagerFactory for persistence unit 'default'
2026-02-22T17:18:54.216+05:30  WARN 36084 --- [procurement] [           main] JpaBaseConfiguration$JpaWebConfiguration : spring.jpa.open-in-view is enabled by default. Therefore, database queries may be performed during view rendering. Explicitly configure spring.jpa.open-in-view to disable this warning
2026-02-22T17:18:55.568+05:30  INFO 36084 --- [procurement] [           main] o.s.s.web.DefaultSecurityFilterChain     : Will secure any request with [org.springframework.security.web.session.DisableEncodeUrlFilter@359f3401, org.springframework.security.web.context.request.async.WebAsyncManagerIntegrationFilter@242a3997, org.springframework.security.web.context.SecurityContextHolderFilter@593d0173, org.springframework.security.web.header.HeaderWriterFilter@24673720, org.springframework.security.web.authentication.logout.LogoutFilter@68cc6fa4, com.procurement.procurement.security.JwtAuthenticationFilter@2dc72c0c, org.springframework.security.web.savedrequest.RequestCacheAwareFilter@64404db6, org.springframework.security.web.servletapi.SecurityContextHolderAwareRequestFilter@62f63625, org.springframework.security.web.authentication.AnonymousAuthenticationFilter@51d50b5f, org.springframework.security.web.session.SessionManagementFilter@7b8d1537, org.springframework.security.web.access.ExceptionTranslationFilter@5e609b42, org.springframework.security.web.access.intercept.AuthorizationFilter@72dc7f0a]
2026-02-22T17:18:57.355+05:30  INFO 36084 --- [procurement] [           main] c.p.p.ProcurementApplicationTests        : Started ProcurementApplicationTests in 17.433 seconds (process running for 19.852)
2026-02-22T17:18:57.903+05:30 DEBUG 36084 --- [procurement] [           main] org.hibernate.SQL                        : 
    select
        r1_0.id,
        r1_0.description,
        r1_0.name 
    from
        roles r1_0 
    where
        r1_0.name=?
Hibernate: 
    select
        r1_0.id,
        r1_0.description,
        r1_0.name 
    from
        roles r1_0 
    where
        r1_0.name=?
2026-02-22T17:18:57.944+05:30 DEBUG 36084 --- [procurement] [           main] org.hibernate.SQL                        : 
    insert 
    into
        roles
        (description, name) 
    values
        (?, ?)
Hibernate: 
    insert 
    into
        roles
        (description, name) 
    values
        (?, ?)
2026-02-22T17:18:58.017+05:30 DEBUG 36084 --- [procurement] [           main] org.hibernate.SQL                        : 
    select
        r1_0.id,
        r1_0.description,
        r1_0.name 
    from
        roles r1_0 
    where
        r1_0.name=?
Hibernate: 
    select
        r1_0.id,
        r1_0.description,
        r1_0.name 
    from
        roles r1_0 
    where
        r1_0.name=?
2026-02-22T17:18:58.022+05:30 DEBUG 36084 --- [procurement] [           main] org.hibernate.SQL                        : 
    insert 
    into
        roles
        (description, name) 
    values
        (?, ?)
Hibernate: 
    insert 
    into
        roles
        (description, name) 
    values
        (?, ?)
2026-02-22T17:18:58.039+05:30 DEBUG 36084 --- [procurement] [           main] org.hibernate.SQL                        : 
    select
        r1_0.id,
        r1_0.description,
        r1_0.name 
    from
        roles r1_0 
    where
        r1_0.name=?
Hibernate: 
    select
        r1_0.id,
        r1_0.description,
        r1_0.name 
    from
        roles r1_0 
    where
        r1_0.name=?
2026-02-22T17:18:58.043+05:30 DEBUG 36084 --- [procurement] [           main] org.hibernate.SQL                        : 
    insert 
    into
        roles
        (description, name) 
    values
        (?, ?)
Hibernate: 
    insert 
    into
        roles
        (description, name) 
    values
        (?, ?)
Roles Initialized
2026-02-22T17:18:58.060+05:30 DEBUG 36084 --- [procurement] [           main] org.hibernate.SQL                        : 
    select
        u1_0.id,
        u1_0.account_non_expired,
        u1_0.account_non_locked,
        u1_0.active,
        u1_0.credentials_non_expired,
        u1_0.email,
        u1_0.enabled,
        u1_0.full_name,
        u1_0.password,
        u1_0.username 
    from
        users u1_0 
    where
        u1_0.username=?
Hibernate: 
    select
        u1_0.id,
        u1_0.account_non_expired,
        u1_0.account_non_locked,
        u1_0.active,
        u1_0.credentials_non_expired,
        u1_0.email,
        u1_0.enabled,
        u1_0.full_name,
        u1_0.password,
        u1_0.username 
    from
        users u1_0 
    where
        u1_0.username=?
2026-02-22T17:18:58.148+05:30 DEBUG 36084 --- [procurement] [           main] org.hibernate.SQL                        : 
    insert 
    into
        users
        (account_non_expired, account_non_locked, active, credentials_non_expired, email, enabled, full_name, password, username) 
    values
        (?, ?, ?, ?, ?, ?, ?, ?, ?)
Hibernate: 
    insert 
    into
        users
        (account_non_expired, account_non_locked, active, credentials_non_expired, email, enabled, full_name, password, username) 
    values
        (?, ?, ?, ?, ?, ?, ?, ?, ?)
2026-02-22T17:18:58.152+05:30 DEBUG 36084 --- [procurement] [           main] org.hibernate.SQL                        : 
    insert 
    into
        user_roles
        (user_id, role_id) 
    values
        (?, ?)
Hibernate: 
    insert 
    into
        user_roles
        (user_id, role_id) 
    values
        (?, ?)
Default Admin Created
Username: admin
Password: admin123
]]></system-out>
    <system-err><![CDATA[WARNING: A Java agent has been loaded dynamically (C:\Users\hk105\.m2\repository\net\bytebuddy\byte-buddy-agent\1.14.13\byte-buddy-agent-1.14.13.jar)
WARNING: If a serviceability tool is in use, please run with -XX:+EnableDynamicAgentLoading to hide this warning
WARNING: If a serviceability tool is not in use, please run with -Djdk.instrument.traceUsage for more information
WARNING: Dynamic loading of agents will be disallowed by default in a future release
]]></system-err>
  </testcase>
</testsuite>